  Microsoft (R) C/C++ Optimizing Compiler Version 19.44.35217 for x64
  Copyright (C) Microsoft Corporation.  All rights reserved.
  cl /c /I"E:\KDemu-feat\KDemu\KDemu\\include\LIEF" /I"E:\KDemu-feat\KDemu\vcpkg_installed\x64-windows\x64-windows\include" /W0 /WX- /diagnostics:column /sdl /Od /Oi /D NDEBUG /D _CONSOLE /D _UNICODE /D UNICODE /Gm- /MT /GS /fp:precise /Zc:wchar_t /Zc:forScope /Zc:inline /std:c++20 /permissive- /Fo"x64\Release\\" /Fd"x64\Release\vc143.pdb" /external:W0 /Gd /TP /FC /errorReport:none Debugger.cpp Emulate.cpp Global.cpp KDemu.cpp LoadPE.cpp unicorn.cpp
  Debugger.cpp
C:\Program Files\Microsoft Visual Studio\2022\Community\VC\Tools\MSVC\14.44.35207\include\chrono(2359,9): warning C4530: C++ exception handler used, but unwind semantics are not enabled. Specify /EHsc
  (compiling source file 'Debugger.cpp')
  
  LIEF will disable #define enums. Please use LIEF_PE_XXXX or LIEF::PE::XXXX instead!
  Emulate.cpp
  LIEF will disable #define enums. Please use LIEF_PE_XXXX or LIEF::PE::XXXX instead!
C:\Program Files\Microsoft Visual Studio\2022\Community\VC\Tools\MSVC\14.44.35207\include\chrono(2359,9): warning C4530: C++ exception handler used, but unwind semantics are not enabled. Specify /EHsc
  (compiling source file 'Emulate.cpp')
  
C:\Program Files\Microsoft Visual Studio\2022\Community\VC\Tools\MSVC\14.44.35207\include\xutility(4813,18): warning C4244: '=': conversion from 'wchar_t' to 'char', possible loss of data
  (compiling source file 'Emulate.cpp')
      C:\Program Files\Microsoft Visual Studio\2022\Community\VC\Tools\MSVC\14.44.35207\include\xutility(4813,18):
      the template instantiation context (the oldest one first) is
          E:\KDemu-feat\KDemu\KDemu\Emulate.cpp(1525,84):
          see reference to function template instantiation 'std::basic_string<char,std::char_traits<char>,std::allocator<char>>::basic_string<std::_String_iterator<std::_String_val<std::_Simple_types<_Elem>>>,0>(_Iter,_Iter,const _Alloc &)' being compiled
          with
          [
              _Elem=wchar_t,
              _Iter=std::_String_iterator<std::_String_val<std::_Simple_types<wchar_t>>>,
              _Alloc=std::allocator<char>
          ]
              E:\KDemu-feat\KDemu\KDemu\Emulate.cpp(1525,13):
              see the first reference to 'std::basic_string<char,std::char_traits<char>,std::allocator<char>>::basic_string' in 'Emulate::_wcscpy_s'
          C:\Program Files\Microsoft Visual Studio\2022\Community\VC\Tools\MSVC\14.44.35207\include\xstring(812,17):
          see reference to function template instantiation 'void std::basic_string<char,std::char_traits<char>,std::allocator<char>>::_Construct_from_iter<wchar_t*,wchar_t*,_Size_type>(_Iter,const _Sent,_Size)' being compiled
          with
          [
              _Size_type=unsigned __int64,
              _Iter=wchar_t *,
              _Sent=wchar_t *,
              _Size=unsigned __int64
          ]
          C:\Program Files\Microsoft Visual Studio\2022\Community\VC\Tools\MSVC\14.44.35207\include\xstring(968,18):
          see reference to function template instantiation '_OutIt *std::_Copy_n_unchecked4<wchar_t*,_Size,char*>(_InIt,_SizeTy,_OutIt)' being compiled
          with
          [
              _OutIt=char *,
              _Size=unsigned __int64,
              _InIt=wchar_t *,
              _SizeTy=unsigned __int64
          ]
  
  Global.cpp
  LIEF will disable #define enums. Please use LIEF_PE_XXXX or LIEF::PE::XXXX instead!
C:\Program Files\Microsoft Visual Studio\2022\Community\VC\Tools\MSVC\14.44.35207\include\chrono(2359,9): warning C4530: C++ exception handler used, but unwind semantics are not enabled. Specify /EHsc
  (compiling source file 'Global.cpp')
  
  KDemu.cpp
  LIEF will disable #define enums. Please use LIEF_PE_XXXX or LIEF::PE::XXXX instead!
C:\Program Files\Microsoft Visual Studio\2022\Community\VC\Tools\MSVC\14.44.35207\include\chrono(2359,9): warning C4530: C++ exception handler used, but unwind semantics are not enabled. Specify /EHsc
  (compiling source file 'KDemu.cpp')
  
  LoadPE.cpp
  LIEF will disable #define enums. Please use LIEF_PE_XXXX or LIEF::PE::XXXX instead!
C:\Program Files\Microsoft Visual Studio\2022\Community\VC\Tools\MSVC\14.44.35207\include\chrono(2359,9): warning C4530: C++ exception handler used, but unwind semantics are not enabled. Specify /EHsc
  (compiling source file 'LoadPE.cpp')
  
  unicorn.cpp
  LIEF will disable #define enums. Please use LIEF_PE_XXXX or LIEF::PE::XXXX instead!
C:\Program Files\Microsoft Visual Studio\2022\Community\VC\Tools\MSVC\14.44.35207\include\chrono(2359,9): warning C4530: C++ exception handler used, but unwind semantics are not enabled. Specify /EHsc
  (compiling source file 'unicorn.cpp')
  
  Generating Code...
  KDemu.vcxproj -> E:\KDemu-feat\KDemu\x64\Release\KDemu.exe
  E:\KDemu-feat\KDemu\x64\Release\KDemu.exe: message: deploying dependencies
  E:\KDemu-feat\KDemu\vcpkg_installed\x64-windows\x64-windows\bin\unicorn.dll -> E:\KDemu-feat\KDemu\x64\Release\unicorn.dll skipped, up to date
  E:\KDemu-feat\KDemu\x64\Release\unicorn.dll: message: deploying dependencies
  E:\KDemu-feat\KDemu\x64\Release\dbgeng.dll: message: deploying dependencies
  E:\KDemu-feat\KDemu\x64\Release\dbghelp.dll: message: deploying dependencies
